c:\code\cpp\chernoopengl\bin\intermediates\x64\debug\vc143.pdb
c:\code\cpp\chernoopengl\bin\intermediates\x64\debug\vc143.idb
c:\code\cpp\chernoopengl\bin\intermediates\x64\debug\main.obj
c:\code\cpp\chernoopengl\bin\x64\debug\chernoopengl.pdb
c:\code\cpp\chernoopengl\bin\intermediates\x64\debug\chernoopengl.vcxproj.filelistabsolute.txt
c:\code\cpp\chernoopengl\bin\intermediates\x64\debug\chernoopengl.tlog\cl.command.1.tlog
c:\code\cpp\chernoopengl\bin\intermediates\x64\debug\chernoopengl.tlog\cl.read.1.tlog
c:\code\cpp\chernoopengl\bin\intermediates\x64\debug\chernoopengl.tlog\cl.write.1.tlog
c:\code\cpp\chernoopengl\bin\intermediates\x64\debug\chernoopengl.tlog\link-cvtres.read.1.tlog
c:\code\cpp\chernoopengl\bin\intermediates\x64\debug\chernoopengl.tlog\link-cvtres.write.1.tlog
c:\code\cpp\chernoopengl\bin\intermediates\x64\debug\chernoopengl.tlog\link-rc.read.1.tlog
c:\code\cpp\chernoopengl\bin\intermediates\x64\debug\chernoopengl.tlog\link-rc.write.1.tlog
c:\code\cpp\chernoopengl\bin\intermediates\x64\debug\chernoopengl.tlog\link.9092-cvtres.read.1.tlog
c:\code\cpp\chernoopengl\bin\intermediates\x64\debug\chernoopengl.tlog\link.9092-cvtres.write.1.tlog
c:\code\cpp\chernoopengl\bin\intermediates\x64\debug\chernoopengl.tlog\link.9092-rc.read.1.tlog
c:\code\cpp\chernoopengl\bin\intermediates\x64\debug\chernoopengl.tlog\link.9092-rc.write.1.tlog
c:\code\cpp\chernoopengl\bin\intermediates\x64\debug\chernoopengl.tlog\link.9092.read.1.tlog
c:\code\cpp\chernoopengl\bin\intermediates\x64\debug\chernoopengl.tlog\link.9092.read.2.tlog
c:\code\cpp\chernoopengl\bin\intermediates\x64\debug\chernoopengl.tlog\link.9092.write.1.tlog
c:\code\cpp\chernoopengl\bin\intermediates\x64\debug\chernoopengl.tlog\link.command.1.tlog
c:\code\cpp\chernoopengl\bin\intermediates\x64\debug\chernoopengl.tlog\link.read.1.tlog
c:\code\cpp\chernoopengl\bin\intermediates\x64\debug\chernoopengl.tlog\link.read.2.tlog
c:\code\cpp\chernoopengl\bin\intermediates\x64\debug\chernoopengl.tlog\link.write.1.tlog
